<?xml version="1.0" encoding="UTF-8"?>
<testsuites name="jest tests" tests="3" failures="0" time="3.103">
  <testsuite name="Zadanie nr. 2" errors="0" failures="0" skipped="0" timestamp="2020-03-09T17:54:36" time="2.532" tests="3">
    <testcase classname="Zadanie nr. 2" name="Dodano div" time="0.009">
    </testcase>
    <testcase classname="Zadanie nr. 2" name="Width na mobile jest równy 94%" time="0.006">
    </testcase>
    <testcase classname="Zadanie nr. 2" name="Width na szerokości ponad 768px jest równy 640px" time="0.004">
    </testcase>
  </testsuite>
</testsuites>